<?xml version="1.0" encoding="UTF-8"?>
<!-- Generated by org.testng.reporters.JUnitReportReporter -->
<testsuite hostname="DESKTOP-LPGNF41" failures="0" tests="1" name="typesofpostrequest.PostReqUsingExternalJSON" time="2.108" errors="0" timestamp="2023-01-26T23:30:15 IST" skipped="0">
  <testcase classname="typesofpostrequest.PostReqUsingExternalJSON" name="externalJSON" time="2.108"/>
  <system-out/>
</testsuite> <!-- typesofpostrequest.PostReqUsingExternalJSON -->
