<?xml version="1.0" encoding="UTF-8"?>
<!-- Generated by org.testng.reporters.JUnitReportReporter -->
<testsuite hostname="DESKTOP-LPGNF41" failures="0" tests="3" name="restpracticerequest.HttpRequests" time="3.627" errors="0" timestamp="2023-01-25T23:10:50 IST" skipped="0">
  <testcase classname="restpracticerequest.HttpRequests" name="getRequest" time="2.317"/>
  <system-out/>
  <testcase classname="restpracticerequest.HttpRequests" name="postRequest" time="0.770"/>
  <system-out/>
  <testcase classname="restpracticerequest.HttpRequests" name="updateRequest" time="0.540"/>
  <system-out/>
</testsuite> <!-- restpracticerequest.HttpRequests -->
