<?xml version="1.0" encoding="UTF-8"?>
<!-- Generated by org.testng.reporters.JUnitReportReporter -->
<testsuite hostname="DESKTOP-LPGNF41" failures="0" tests="1" name="typesofpostrequest.PostRequestUsingHashMap" time="2.407" errors="0" timestamp="2023-01-26T20:09:01 IST" skipped="0">
  <testcase classname="typesofpostrequest.PostRequestUsingHashMap" name="postUsingHashMap" time="2.407"/>
  <system-out/>
</testsuite> <!-- typesofpostrequest.PostRequestUsingHashMap -->
