<?xml version="1.0" encoding="UTF-8"?>
<!-- Generated by org.testng.reporters.JUnitReportReporter -->
<testsuite hostname="DESKTOP-LPGNF41" failures="0" tests="1" name="typesofpostrequest.PostReqUsingJSONObject" time="2.400" errors="0" timestamp="2023-01-26T20:21:23 IST" skipped="0">
  <testcase classname="typesofpostrequest.PostReqUsingJSONObject" name="postUsingJsonObj" time="2.400"/>
  <system-out/>
</testsuite> <!-- typesofpostrequest.PostReqUsingJSONObject -->
