<?xml version="1.0" encoding="UTF-8"?>
<!-- Generated by org.testng.reporters.JUnitReportReporter -->
<testsuite hostname="DESKTOP-LPGNF41" failures="0" tests="1" name="typesofpostrequest.PostReqUsingPOJO" time="3.410" errors="0" timestamp="2023-01-26T22:29:27 IST" skipped="0">
  <testcase classname="typesofpostrequest.PostReqUsingPOJO" name="requestUsingPojo" time="3.410"/>
  <system-out/>
</testsuite> <!-- typesofpostrequest.PostReqUsingPOJO -->
